<?xml version="1.0" encoding="utf-8" standalone="no"?>
<!--This file represents the results of running a test suite-->
<test-results name="C:\Users\rosc\RecorderCoda\Recorder\RecorderTests\RecorderTests.csproj" total="5" errors="1" failures="0" not-run="0" inconclusive="0" ignored="0" skipped="0" invalid="0" date="2014-04-25" time="15:09:14">
  <environment nunit-version="2.5.10.11092" clr-version="2.0.50727.5472" os-version="Microsoft Windows NT 6.1.7601 Service Pack 1" platform="Win32NT" cwd="C:\Users\rosc\RecorderCoda\NUnit\net-2.0" machine-name="PAM" user="rosc" user-domain="VINEYARD" />
  <culture-info current-culture="en-GB" current-uiculture="en-US" />
  <test-suite type="Test Project" name="C:\Users\rosc\RecorderCoda\Recorder\RecorderTests\RecorderTests.csproj" executed="True" result="Failure" success="False" time="0.268" asserts="0">
    <results>
      <test-suite type="Assembly" name="C:\Users\rosc\RecorderCoda\Recorder\RecorderTests\bin\Debug\RecorderTests.dll" executed="True" result="Failure" success="False" time="0.109" asserts="0">
        <results>
          <test-suite type="Namespace" name="RecorderTests" executed="True" result="Failure" success="False" time="0.105" asserts="0">
            <results>
              <test-suite type="TestFixture" name="CommandTests" executed="True" result="Failure" success="False" time="0.077" asserts="0">
                <results>
                  <test-case name="RecorderTests.CommandTests.New_value_is_added_to_empty_repository" executed="True" result="Error" success="False" time="0.071" asserts="0">
                    <failure>
                      <message><![CDATA[System.NullReferenceException : Object reference not set to an instance of an object.]]></message>
                      <stack-trace><![CDATA[at RecorderTests.CommandTests.New_value_is_added_to_empty_repository() in C:\Users\rosc\RecorderCoda\Recorder\RecorderTests\CommandTests.cs:line 24
]]></stack-trace>
                    </failure>
                  </test-case>
                </results>
              </test-suite>
              <test-suite type="TestFixture" name="ModifyTests" executed="True" result="Success" success="True" time="0.012" asserts="0">
                <results>
                  <test-case name="RecorderTests.ModifyTests.Add_unique_key_value_adds_to_dictionary" executed="True" result="Success" success="True" time="0.005" asserts="1" />
                  <test-case name="RecorderTests.ModifyTests.Drop_existant_key_for_dictionary_results_in_removal_from_dictionary" executed="True" result="Success" success="True" time="0.001" asserts="2" />
                  <test-case name="RecorderTests.ModifyTests.Drop_non_existant_key_for_dictionary_results_does_not_throw" executed="True" result="Success" success="True" time="0.000" asserts="0" />
                </results>
              </test-suite>
              <test-suite type="TestFixture" name="QueryTests" executed="True" result="Success" success="True" time="0.002" asserts="0">
                <results>
                  <test-case name="RecorderTests.QueryTests.Getting_key_from_empty_recorder_throws_exception" executed="True" result="Success" success="True" time="0.001" asserts="1" />
                </results>
              </test-suite>
            </results>
          </test-suite>
        </results>
      </test-suite>
    </results>
  </test-suite>
</test-results>